<?xml version="1.0" encoding="UTF-8"?>
<testng-results ignored="0" total="1" passed="1" failed="0" skipped="0">
  <reporter-output>
  </reporter-output>
  <suite started-at="2025-07-18T18:55:31 IST" name="Default suite" finished-at="2025-07-18T18:55:41 IST" duration-ms="10124">
    <groups>
    </groups>
    <test started-at="2025-07-18T18:55:31 IST" name="Default test" finished-at="2025-07-18T18:55:41 IST" duration-ms="10124">
      <class name="orangeProject.testcases.TestCaseDemo">
        <test-method is-config="true" signature="setup()[pri:0, instance:orangeProject.testcases.TestCaseDemo@5c530d1e]" started-at="2025-07-18T18:55:31 IST" name="setup" finished-at="2025-07-18T18:55:37 IST" duration-ms="5269" status="PASS">
          <reporter-output>
          </reporter-output>
        </test-method> <!-- setup -->
        <test-method signature="TestCheck(java.lang.String,java.lang.String)[pri:0, instance:orangeProject.testcases.TestCaseDemo@5c530d1e]" started-at="2025-07-18T18:55:37 IST" name="TestCheck" data-provider="loginData" finished-at="2025-07-18T18:55:40 IST" duration-ms="2464" status="PASS">
          <params>
            <param index="0">
              <value>
                <![CDATA[student]]>
              </value>
            </param>
            <param index="1">
              <value>
                <![CDATA[Password123]]>
              </value>
            </param>
          </params>
          <reporter-output>
          </reporter-output>
        </test-method> <!-- TestCheck -->
        <test-method is-config="true" signature="tearDown()[pri:0, instance:orangeProject.testcases.TestCaseDemo@5c530d1e]" started-at="2025-07-18T18:55:40 IST" name="tearDown" finished-at="2025-07-18T18:55:41 IST" duration-ms="1802" status="PASS">
          <reporter-output>
          </reporter-output>
        </test-method> <!-- tearDown -->
      </class> <!-- orangeProject.testcases.TestCaseDemo -->
    </test> <!-- Default test -->
  </suite> <!-- Default suite -->
</testng-results>
