<?xml version="1.0" encoding="UTF-8"?>
<testng-results ignored="0" total="1" passed="1" failed="0" skipped="0">
  <reporter-output>
  </reporter-output>
  <suite started-at="2025-07-18T00:01:07 IST" name="Default suite" finished-at="2025-07-18T00:01:25 IST" duration-ms="17835">
    <groups>
    </groups>
    <test started-at="2025-07-18T00:01:07 IST" name="Default test" finished-at="2025-07-18T00:01:25 IST" duration-ms="17835">
      <class name="orangeProject.testcases.TestCaseDemo">
        <test-method is-config="true" signature="setup()[pri:0, instance:orangeProject.testcases.TestCaseDemo@fc258b1]" started-at="2025-07-18T00:01:07 IST" name="setup" finished-at="2025-07-18T00:01:20 IST" duration-ms="12710" status="PASS">
          <reporter-output>
          </reporter-output>
        </test-method> <!-- setup -->
        <test-method signature="TestCheck()[pri:0, instance:orangeProject.testcases.TestCaseDemo@fc258b1]" started-at="2025-07-18T00:01:20 IST" name="TestCheck" finished-at="2025-07-18T00:01:24 IST" duration-ms="4436" status="PASS">
          <reporter-output>
          </reporter-output>
        </test-method> <!-- TestCheck -->
        <test-method is-config="true" signature="tearDown()[pri:0, instance:orangeProject.testcases.TestCaseDemo@fc258b1]" started-at="2025-07-18T00:01:24 IST" name="tearDown" finished-at="2025-07-18T00:01:25 IST" duration-ms="566" status="PASS">
          <reporter-output>
          </reporter-output>
        </test-method> <!-- tearDown -->
      </class> <!-- orangeProject.testcases.TestCaseDemo -->
    </test> <!-- Default test -->
  </suite> <!-- Default suite -->
</testng-results>
